<?xml version="1.0" encoding="UTF-8"?>
<!-- Generated by org.testng.reporters.JUnitXMLReporter -->
<testsuite ignored="0" hostname="DESKTOP-E6SHMCM" failures="0" tests="5" name="Default test" time="3.22" errors="0" timestamp="2024-10-12T14:45:24 EEST">
  <testcase classname="Package.Exercise" name="checkVisibility" time="0.197"/>
  <testcase classname="Package.Exercise" name="validCred" time="0.552"/>
  <testcase classname="Package.Exercise" name="invalidCred" time="0.533"/>
  <testcase classname="Package.Exercise" name="emptyUser" time="0.419"/>
  <testcase classname="Package.Exercise" name="emptyPass" time="0.377"/>
</testsuite> <!-- Default test -->
